2019-01-07 00:40:36,017 [ 1] INFO  - Mozliwe jest dotankowanie nastepujacych aut
2019-01-07 00:40:36,025 [ 1] INFO  - Marka | Pojemnosc baku [L] | Typ paliwa [Pb95|Pb98|LPG|ON]
2019-01-07 00:40:36,026 [ 1] INFO  - 0. Audi | 25 | Pb95
2019-01-07 00:40:36,028 [ 1] INFO  - 1. Mercedes | 21 | ON
2019-01-07 00:40:36,028 [ 1] INFO  - 2. BMW | 12 | LPG
2019-01-07 00:40:36,028 [ 1] INFO  - 3. Skoda | 89 | ON
2019-01-07 00:40:36,029 [ 1] INFO  - 4. Ford | 25 | Pb98
2019-01-07 00:40:36,029 [ 1] INFO  - 5. Fiat | 35 | Pb95
2019-01-07 00:40:36,030 [ 1] INFO  - Wybierz auto ktore chcesz zatankowac podajac numer
2019-01-07 00:40:37,582 [ 1] WARN  - Niepoprawne dane lub numer spoza listy
2019-01-07 00:40:37,583 [ 1] INFO  - Wybierz auto ktore chcesz zatankowac podajac numer
2019-01-07 00:40:38,541 [ 1] WARN  - Niepoprawne dane lub numer spoza listy
2019-01-07 00:40:38,542 [ 1] INFO  - Wybierz auto ktore chcesz zatankowac podajac numer
2019-01-07 00:40:40,470 [ 1] WARN  - Niepoprawne dane lub numer spoza listy
2019-01-07 00:40:40,472 [ 1] INFO  - Wybierz auto ktore chcesz zatankowac podajac numer
2019-01-07 00:40:41,622 [ 1] INFO  - Wybierz rodzaj paliwa które chcesz zatankowaæ
2019-01-07 00:40:44,319 [ 1] INFO  - Podaj liczbe litrow ktore chcesz zatankowac
2019-01-07 00:40:55,800 [ 4] INFO  - Koniec tankowania!
2019-01-07 00:40:55,815 [ 1] INFO  - Zatankowano poprawne paliwo
2019-01-07 00:40:55,816 [ 1] ERROR - Zbyt duza ilosc zatankowanego paliwa
